#
# There is insufficient memory for the Java Runtime Environment to continue.
# Native memory allocation (malloc) failed to allocate 1135136 bytes for Chunk::new
# Possible reasons:
#   The system is out of physical RAM or swap space
#   In 32 bit mode, the process size limit was hit
# Possible solutions:
#   Reduce memory load on the system
#   Increase physical memory or swap space
#   Check if swap backing store is full
#   Use 64 bit Java on a 64 bit OS
#   Decrease Java heap size (-Xmx/-Xms)
#   Decrease number of Java threads
#   Decrease Java thread stack sizes (-Xss)
#   Set larger code cache with -XX:ReservedCodeCacheSize=
# This output file may be truncated or incomplete.
#
#  Out of Memory Error (allocation.cpp:390), pid=8604, tid=0x00000000000034ec
#
# JRE version: OpenJDK Runtime Environment (8.0_152-b01) (build 1.8.0_152-release-1343-b01)
# Java VM: OpenJDK 64-Bit Server VM (25.152-b01 mixed mode windows-amd64 compressed oops)
# Failed to write core dump. Minidumps are not enabled by default on client versions of Windows
#

---------------  T H R E A D  ---------------

Current thread (0x00000000171ba800):  JavaThread "C2 CompilerThread2" daemon [_thread_in_native, id=13548, stack(0x0000000019a80000,0x0000000019b80000)]

Stack: [0x0000000019a80000,0x0000000019b80000]
[error occurred during error reporting (printing stack bounds), id 0xc0000005]

Native frames: (J=compiled Java code, j=interpreted, Vv=VM code, C=native code)


Current CompileTask:
C2:  36687 13536       4       com.android.tools.r8.ir.regalloc.LinearScanRegisterAllocator::allocateSingleInterval (841 bytes)


---------------  P R O C E S S  ---------------

Java Threads: ( => current thread )
  0x000000001d113000 JavaThread "ForkJoinPool.commonPool-worker-6" daemon [_thread_in_native, id=11024, stack(0x0000000028250000,0x0000000028350000)]
  0x000000001eba6000 JavaThread "ForkJoinPool.commonPool-worker-1" daemon [_thread_in_native, id=7624, stack(0x0000000027080000,0x0000000027180000)]
  0x000000001eba5000 JavaThread "ForkJoinPool.commonPool-worker-0" daemon [_thread_in_vm, id=1040, stack(0x0000000023e40000,0x0000000023f40000)]
  0x000000001eba7800 JavaThread "Cache worker for Java compile cache (C:\Users\sumanta\Hellosumanta\.gradle\5.1.1\javaCompile)" [_thread_blocked, id=10652, stack(0x0000000026980000,0x0000000026a80000)]
  0x000000001eba3000 JavaThread "Cache worker for Java compile cache (C:\Users\sumanta\.gradle\caches\5.1.1\javaCompile)" [_thread_blocked, id=8488, stack(0x0000000025580000,0x0000000025680000)]
  0x000000001eb9a000 JavaThread "stdout" daemon [_thread_in_native, id=3832, stack(0x0000000026680000,0x0000000026780000)]
  0x000000001eba0800 JavaThread "stderr" daemon [_thread_in_native, id=1992, stack(0x0000000026580000,0x0000000026680000)]
  0x000000001eba0000 JavaThread "stdout" daemon [_thread_in_native, id=5768, stack(0x0000000026480000,0x0000000026580000)]
  0x000000001eb98800 JavaThread "stderr" daemon [_thread_in_native, id=10336, stack(0x0000000026380000,0x0000000026480000)]
  0x000000001eb9d000 JavaThread "stdout" daemon [_thread_in_native, id=10424, stack(0x0000000026280000,0x0000000026380000)]
  0x000000001eb9f000 JavaThread "stderr" daemon [_thread_in_native, id=11772, stack(0x0000000026180000,0x0000000026280000)]
  0x000000001eb9c000 JavaThread "stdout" daemon [_thread_in_native, id=9824, stack(0x0000000025f80000,0x0000000026080000)]
  0x000000001eb9a800 JavaThread "stderr" daemon [_thread_in_native, id=7104, stack(0x0000000025e80000,0x0000000025f80000)]
  0x000000001eb9b800 JavaThread "stdout" daemon [_thread_in_native, id=1460, stack(0x0000000025d80000,0x0000000025e80000)]
  0x000000001eb9e800 JavaThread "stderr" daemon [_thread_in_native, id=984, stack(0x0000000025c80000,0x0000000025d80000)]
  0x000000001eb9d800 JavaThread "stdout" daemon [_thread_in_native, id=6184, stack(0x0000000025b80000,0x0000000025c80000)]
  0x000000001eb99000 JavaThread "stderr" daemon [_thread_in_native, id=8828, stack(0x0000000025a80000,0x0000000025b80000)]
  0x000000001d120800 JavaThread "stdout" daemon [_thread_in_native, id=6524, stack(0x0000000025980000,0x0000000025a80000)]
  0x000000001d11e000 JavaThread "stderr" daemon [_thread_in_native, id=10596, stack(0x0000000025880000,0x0000000025980000)]
  0x000000001d11d800 JavaThread "pool-2-thread-1" [_thread_blocked, id=7816, stack(0x0000000025780000,0x0000000025880000)]
  0x000000001d11c800 JavaThread "ForkJoinPool.commonPool-worker-7" daemon [_thread_in_Java, id=14296, stack(0x0000000025680000,0x0000000025780000)]
  0x000000001d11f800 JavaThread "ForkJoinPool.commonPool-worker-4" daemon [_thread_in_Java, id=5088, stack(0x0000000025380000,0x0000000025480000)]
  0x000000001d121000 JavaThread "ForkJoinPool.commonPool-worker-3" daemon [_thread_in_Java, id=7032, stack(0x0000000025280000,0x0000000025380000)]
  0x000000001d11c000 JavaThread "ForkJoinPool.commonPool-worker-2" daemon [_thread_in_Java, id=6404, stack(0x0000000025180000,0x0000000025280000)]
  0x000000001d115000 JavaThread "Cache worker for execution history cache (C:\Users\sumanta\Hellosumanta\.gradle\5.1.1\executionHistory)" [_thread_blocked, id=13172, stack(0x0000000023b40000,0x0000000023c40000)]
  0x000000001d114800 JavaThread "Execution worker for ':' Thread 7" [_thread_blocked, id=11996, stack(0x0000000023a40000,0x0000000023b40000)]
  0x000000001d116800 JavaThread "Execution worker for ':' Thread 6" [_thread_blocked, id=5548, stack(0x0000000023940000,0x0000000023a40000)]
  0x000000001d116000 JavaThread "Execution worker for ':' Thread 5" [_thread_blocked, id=11716, stack(0x0000000023840000,0x0000000023940000)]
  0x000000001d118000 JavaThread "Execution worker for ':' Thread 4" [_thread_blocked, id=13076, stack(0x0000000023740000,0x0000000023840000)]
  0x000000001dd67800 JavaThread "Execution worker for ':' Thread 3" [_thread_blocked, id=9480, stack(0x0000000023640000,0x0000000023740000)]
  0x000000001dd60000 JavaThread "Execution worker for ':' Thread 2" [_thread_blocked, id=9652, stack(0x0000000023440000,0x0000000023540000)]
  0x000000001dd64800 JavaThread "Execution worker for ':'" [_thread_blocked, id=5920, stack(0x0000000023340000,0x0000000023440000)]
  0x000000001dd61800 JavaThread "Cache worker for file content cache (C:\Users\sumanta\Hellosumanta\.gradle\5.1.1\fileContent)" [_thread_blocked, id=7136, stack(0x0000000023240000,0x0000000023340000)]
  0x000000001dd63800 JavaThread "Cache worker for file content cache (C:\Users\sumanta\.gradle\caches\5.1.1\fileContent)" [_thread_blocked, id=10032, stack(0x0000000023140000,0x0000000023240000)]
  0x000000001dd66800 JavaThread "Memory manager" [_thread_blocked, id=7388, stack(0x0000000022e40000,0x0000000022f40000)]
  0x000000001dd65000 JavaThread "Cache worker for Build Output Cleanup Cache (C:\Users\sumanta\Hellosumanta\.gradle\buildOutputCleanup)" [_thread_blocked, id=588, stack(0x0000000021d40000,0x0000000021e40000)]
  0x000000001dd62000 JavaThread "pool-1-thread-1" [_thread_blocked, id=1196, stack(0x0000000021a40000,0x0000000021b40000)]
  0x000000001dd5e800 JavaThread "Build operations Thread 8" [_thread_blocked, id=6088, stack(0x0000000021740000,0x0000000021840000)]
  0x000000001dd5c000 JavaThread "Build operations Thread 7" [_thread_blocked, id=1568, stack(0x0000000021640000,0x0000000021740000)]
  0x000000001dd5d800 JavaThread "Build operations Thread 6" [_thread_blocked, id=11652, stack(0x0000000021540000,0x0000000021640000)]
  0x000000001dd5f000 JavaThread "Build operations Thread 5" [_thread_blocked, id=3764, stack(0x0000000021440000,0x0000000021540000)]
  0x000000001dd5b000 JavaThread "Build operations Thread 4" [_thread_blocked, id=11692, stack(0x0000000021340000,0x0000000021440000)]
  0x000000001dd5d000 JavaThread "Build operations Thread 3" [_thread_blocked, id=6856, stack(0x0000000021240000,0x0000000021340000)]
  0x000000001dd5a800 JavaThread "Build operations Thread 2" [_thread_blocked, id=3152, stack(0x0000000021140000,0x0000000021240000)]
  0x000000001dd59000 JavaThread "Build operations" [_thread_blocked, id=11796, stack(0x0000000021040000,0x0000000021140000)]
  0x000000001dd59800 JavaThread "Cache worker for execution history cache (C:\Users\sumanta\.gradle\caches\5.1.1\executionHistory)" [_thread_blocked, id=9592, stack(0x0000000020b40000,0x0000000020c40000)]
  0x000000001b3e2000 JavaThread "Cache worker for cache directory md-rule (C:\Users\sumanta\.gradle\caches\5.1.1\md-rule)" [_thread_blocked, id=7472, stack(0x0000000020a40000,0x0000000020b40000)]
  0x000000001b3df800 JavaThread "Cache worker for cache directory md-supplier (C:\Users\sumanta\.gradle\caches\5.1.1\md-supplier)" [_thread_blocked, id=8252, stack(0x0000000020940000,0x0000000020a40000)]
  0x000000001b3e5000 JavaThread "Cache worker for file hash cache (C:\Users\sumanta\Hellosumanta\.gradle\5.1.1\fileHashes)" [_thread_blocked, id=13592, stack(0x000000001ec70000,0x000000001ed70000)]
  0x000000001b3e4000 JavaThread "Cache worker for journal cache (C:\Users\sumanta\.gradle\caches\journal-1)" [_thread_blocked, id=9460, stack(0x000000001c9d0000,0x000000001cad0000)]
  0x000000001b282800 JavaThread "File lock request listener" [_thread_in_native, id=5116, stack(0x000000001c8d0000,0x000000001c9d0000)]
  0x000000001ada7800 JavaThread "Cache worker for file hash cache (C:\Users\sumanta\.gradle\caches\5.1.1\fileHashes)" [_thread_blocked, id=3960, stack(0x000000001c7d0000,0x000000001c8d0000)]
  0x000000001b174800 JavaThread "Thread-8" [_thread_blocked, id=14256, stack(0x000000001c6d0000,0x000000001c7d0000)]
  0x000000001b189000 JavaThread "Stdin handler" [_thread_blocked, id=692, stack(0x000000001c5d0000,0x000000001c6d0000)]
  0x000000001b184000 JavaThread "Asynchronous log dispatcher for DefaultDaemonConnection: socket connection from /127.0.0.1:53799 to /127.0.0.1:53800" [_thread_blocked, id=1760, stack(0x000000001c4d0000,0x000000001c5d0000)]
  0x000000001b1ae000 JavaThread "Daemon worker" [_thread_blocked, id=4560, stack(0x000000001c3d0000,0x000000001c4d0000)]
  0x000000001b17a800 JavaThread "Cancel handler" [_thread_blocked, id=5140, stack(0x000000001c2d0000,0x000000001c3d0000)]
  0x000000001b123000 JavaThread "Handler for socket connection from /127.0.0.1:53799 to /127.0.0.1:53800" [_thread_in_native, id=13772, stack(0x000000001bfd0000,0x000000001c0d0000)]
  0x000000001b11f800 JavaThread "Daemon" [_thread_blocked, id=10996, stack(0x000000001bed0000,0x000000001bfd0000)]
  0x000000001b0fa000 JavaThread "Daemon periodic checks" [_thread_blocked, id=11432, stack(0x000000001bdd0000,0x000000001bed0000)]
  0x000000001b0ed800 JavaThread "Incoming local TCP Connector on port 53799" [_thread_in_native, id=1096, stack(0x000000001bb90000,0x000000001bc90000)]
  0x0000000019148000 JavaThread "Service Thread" daemon [_thread_blocked, id=6932, stack(0x0000000019c80000,0x0000000019d80000)]
  0x00000000190ba000 JavaThread "C1 CompilerThread3" daemon [_thread_in_native, id=12360, stack(0x0000000019b80000,0x0000000019c80000)]
=>0x00000000171ba800 JavaThread "C2 CompilerThread2" daemon [_thread_in_native, id=13548, stack(0x0000000019a80000,0x0000000019b80000)]
  0x00000000190ae000 JavaThread "C2 CompilerThread1" daemon [_thread_in_native, id=9212, stack(0x0000000019980000,0x0000000019a80000)]
  0x00000000190aa800 JavaThread "C2 CompilerThread0" daemon [_thread_in_native, id=8900, stack(0x0000000019880000,0x0000000019980000)]
  0x00000000190a9800 JavaThread "Attach Listener" daemon [_thread_blocked, id=7216, stack(0x0000000019780000,0x0000000019880000)]
  0x00000000190b6000 JavaThread "Signal Dispatcher" daemon [_thread_blocked, id=280, stack(0x0000000019680000,0x0000000019780000)]
  0x000000000336d800 JavaThread "Finalizer" daemon [_thread_blocked, id=9940, stack(0x0000000019480000,0x0000000019580000)]
  0x0000000003364000 JavaThread "Reference Handler" daemon [_thread_blocked, id=11508, stack(0x0000000018f80000,0x0000000019080000)]
  0x00000000033ee000 JavaThread "main" [_thread_blocked, id=3488, stack(0x0000000003160000,0x0000000003260000)]

Other Threads:
  0x00000000171a6800 VMThread [stack: 0x0000000018e80000,0x0000000018f80000] [id=10584]
  0x0000000019148800 WatcherThread [stack: 0x0000000019d80000,0x0000000019e80000] [id=11308]

VM state:not at safepoint (normal execution)

VM Mutex/Monitor currently owned by a thread: None

Heap:
 PSYoungGen      total 165888K, used 54519K [0x00000000e0000000, 0x00000000ec980000, 0x0000000100000000)
  eden space 144384K, 32% used [0x00000000e0000000,0x00000000e2dbc9e8,0x00000000e8d00000)
  from space 21504K, 36% used [0x00000000e8d00000,0x00000000e94b1420,0x00000000ea200000)
  to   space 20480K, 0% used [0x00000000eb580000,0x00000000eb580000,0x00000000ec980000)
 ParOldGen       total 129536K, used 63962K [0x00000000a0000000, 0x00000000a7e80000, 0x00000000e0000000)
  object space 129536K, 49% used [0x00000000a0000000,0x00000000a3e76a10,0x00000000a7e80000)
 Metaspace       used 83050K, capacity 86707K, committed 86936K, reserved 1124352K
  class space    used 10889K, capacity 11599K, committed 11672K, reserved 1048576K

Card table byte_map: [0x00000000127b0000,0x0000000012ac0000] byte_map_base: 0x00000000122b0000

Marking Bits: (ParMarkBitMap*) 0x0000000058ea5aa0
 Begin Bits: [0x00000000134c0000, 0x0000000014cc0000)
 End Bits:   [0x0000000014cc0000, 0x00000000164c0000)

Polling page: 0x0000000000ff0000

CodeCache: size=245760Kb used=37693Kb max_used=37774Kb free=208066Kb
 bounds [0x00000000033f0000, 0x0000000005910000, 0x00000000123f0000]
 total_blobs=12668 nmethods=11805 adapters=775
 compilation: enabled

Compilation events (10 events):
Event: 36.643 Thread 0x00000000190ba000 14255       2       com.android.tools.r8.ir.optimize.CodeRewriter$$Lambda$802/1420816074::<init> (10 bytes)
Event: 36.643 Thread 0x00000000190ba000 nmethod 14255 0x0000000005900510 code [0x0000000005900660, 0x00000000059007d0]
Event: 36.643 Thread 0x00000000190ba000 14256       2       com.android.tools.r8.ir.conversion.IRConverter$$Lambda$824/690914310::<init> (10 bytes)
Event: 36.643 Thread 0x00000000190ba000 nmethod 14256 0x0000000005900850 code [0x00000000059009a0, 0x0000000005900b10]
Event: 36.643 Thread 0x00000000190ba000 14257       2       com.android.tools.r8.utils.InternalOptions::canHaveForwardingInitInliningBug (26 bytes)
Event: 36.643 Thread 0x00000000190ba000 nmethod 14257 0x0000000005900b90 code [0x0000000005900d00, 0x0000000005900f70]
Event: 36.643 Thread 0x00000000190ba000 14266       2       com.android.tools.r8.ir.conversion.IRConverter::rewriteCode (1959 bytes)
Event: 36.670 Thread 0x00000000190ba000 nmethod 14266 0x0000000005901050 code [0x0000000005901840, 0x0000000005904288]
Event: 36.672 Thread 0x00000000190ba000 14324 %     3       com.android.tools.r8.ir.code.IRCode::collectArguments @ 23 (143 bytes)
Event: 36.678 Thread 0x00000000190ba000 nmethod 14324% 0x000000000363bb50 code [0x000000000363be00, 0x000000000363d198]

GC Heap History (10 events):
Event: 26.681 GC heap before
{Heap before GC invocations=20 (full 3):
 PSYoungGen      total 136704K, used 136673K [0x00000000e0000000, 0x00000000ea700000, 0x0000000100000000)
  eden space 122368K, 100% used [0x00000000e0000000,0x00000000e7780000,0x00000000e7780000)
  from space 14336K, 99% used [0x00000000e8c00000,0x00000000e99f85d0,0x00000000e9a00000)
  to   space 20992K, 0% used [0x00000000e7780000,0x00000000e7780000,0x00000000e8c00000)
 ParOldGen       total 129536K, used 44774K [0x00000000a0000000, 0x00000000a7e80000, 0x00000000e0000000)
  object space 129536K, 34% used [0x00000000a0000000,0x00000000a2bb9b40,0x00000000a7e80000)
 Metaspace       used 68663K, capacity 70569K, committed 70808K, reserved 1110016K
  class space    used 9148K, capacity 9594K, committed 9624K, reserved 1048576K
Event: 26.707 GC heap after
Heap after GC invocations=20 (full 3):
 PSYoungGen      total 143360K, used 7561K [0x00000000e0000000, 0x00000000eab00000, 0x0000000100000000)
  eden space 122368K, 0% used [0x00000000e0000000,0x00000000e0000000,0x00000000e7780000)
  from space 20992K, 36% used [0x00000000e7780000,0x00000000e7ee26b0,0x00000000e8c00000)
  to   space 19968K, 0% used [0x00000000e9780000,0x00000000e9780000,0x00000000eab00000)
 ParOldGen       total 129536K, used 58295K [0x00000000a0000000, 0x00000000a7e80000, 0x00000000e0000000)
  object space 129536K, 45% used [0x00000000a0000000,0x00000000a38edf70,0x00000000a7e80000)
 Metaspace       used 68663K, capacity 70569K, committed 70808K, reserved 1110016K
  class space    used 9148K, capacity 9594K, committed 9624K, reserved 1048576K
}
Event: 29.081 GC heap before
{Heap before GC invocations=21 (full 3):
 PSYoungGen      total 143360K, used 129929K [0x00000000e0000000, 0x00000000eab00000, 0x0000000100000000)
  eden space 122368K, 100% used [0x00000000e0000000,0x00000000e7780000,0x00000000e7780000)
  from space 20992K, 36% used [0x00000000e7780000,0x00000000e7ee26b0,0x00000000e8c00000)
  to   space 19968K, 0% used [0x00000000e9780000,0x00000000e9780000,0x00000000eab00000)
 ParOldGen       total 129536K, used 58295K [0x00000000a0000000, 0x00000000a7e80000, 0x00000000e0000000)
  object space 129536K, 45% used [0x00000000a0000000,0x00000000a38edf70,0x00000000a7e80000)
 Metaspace       used 71561K, capacity 73737K, committed 74008K, reserved 1114112K
  class space    used 9410K, capacity 9890K, committed 10008K, reserved 1048576K
Event: 29.099 GC heap after
Heap after GC invocations=21 (full 3):
 PSYoungGen      total 153088K, used 10340K [0x00000000e0000000, 0x00000000ea980000, 0x0000000100000000)
  eden space 134656K, 0% used [0x00000000e0000000,0x00000000e0000000,0x00000000e8380000)
  from space 18432K, 56% used [0x00000000e9780000,0x00000000ea199308,0x00000000ea980000)
  to   space 19456K, 0% used [0x00000000e8380000,0x00000000e8380000,0x00000000e9680000)
 ParOldGen       total 129536K, used 58303K [0x00000000a0000000, 0x00000000a7e80000, 0x00000000e0000000)
  object space 129536K, 45% used [0x00000000a0000000,0x00000000a38eff70,0x00000000a7e80000)
 Metaspace       used 71561K, capacity 73737K, committed 74008K, reserved 1114112K
  class space    used 9410K, capacity 9890K, committed 10008K, reserved 1048576K
}
Event: 32.322 GC heap before
{Heap before GC invocations=22 (full 3):
 PSYoungGen      total 153088K, used 144996K [0x00000000e0000000, 0x00000000ea980000, 0x0000000100000000)
  eden space 134656K, 100% used [0x00000000e0000000,0x00000000e8380000,0x00000000e8380000)
  from space 18432K, 56% used [0x00000000e9780000,0x00000000ea199308,0x00000000ea980000)
  to   space 19456K, 0% used [0x00000000e8380000,0x00000000e8380000,0x00000000e9680000)
 ParOldGen       total 129536K, used 58303K [0x00000000a0000000, 0x00000000a7e80000, 0x00000000e0000000)
  object space 129536K, 45% used [0x00000000a0000000,0x00000000a38eff70,0x00000000a7e80000)
 Metaspace       used 72318K, capacity 74751K, committed 74904K, reserved 1114112K
  class space    used 9510K, capacity 10017K, committed 10136K, reserved 1048576K
Event: 32.338 GC heap after
Heap after GC invocations=22 (full 3):
 PSYoungGen      total 154112K, used 10178K [0x00000000e0000000, 0x00000000eb480000, 0x0000000100000000)
  eden space 134656K, 0% used [0x00000000e0000000,0x00000000e0000000,0x00000000e8380000)
  from space 19456K, 52% used [0x00000000e8380000,0x00000000e8d709d8,0x00000000e9680000)
  to   space 18944K, 0% used [0x00000000ea200000,0x00000000ea200000,0x00000000eb480000)
 ParOldGen       total 129536K, used 58311K [0x00000000a0000000, 0x00000000a7e80000, 0x00000000e0000000)
  object space 129536K, 45% used [0x00000000a0000000,0x00000000a38f1f70,0x00000000a7e80000)
 Metaspace       used 72318K, capacity 74751K, committed 74904K, reserved 1114112K
  class space    used 9510K, capacity 10017K, committed 10136K, reserved 1048576K
}
Event: 35.387 GC heap before
{Heap before GC invocations=23 (full 3):
 PSYoungGen      total 154112K, used 144834K [0x00000000e0000000, 0x00000000eb480000, 0x0000000100000000)
  eden space 134656K, 100% used [0x00000000e0000000,0x00000000e8380000,0x00000000e8380000)
  from space 19456K, 52% used [0x00000000e8380000,0x00000000e8d709d8,0x00000000e9680000)
  to   space 18944K, 0% used [0x00000000ea200000,0x00000000ea200000,0x00000000eb480000)
 ParOldGen       total 129536K, used 58311K [0x00000000a0000000, 0x00000000a7e80000, 0x00000000e0000000)
  object space 129536K, 45% used [0x00000000a0000000,0x00000000a38f1f70,0x00000000a7e80000)
 Metaspace       used 82271K, capacity 85861K, committed 86168K, reserved 1124352K
  class space    used 10867K, capacity 11588K, committed 11672K, reserved 1048576K
Event: 35.409 GC heap after
Heap after GC invocations=23 (full 3):
 PSYoungGen      total 163328K, used 18922K [0x00000000e0000000, 0x00000000eb980000, 0x0000000100000000)
  eden space 144384K, 0% used [0x00000000e0000000,0x00000000e0000000,0x00000000e8d00000)
  from space 18944K, 99% used [0x00000000ea200000,0x00000000eb47a928,0x00000000eb480000)
  to   space 21504K, 0% used [0x00000000e8d00000,0x00000000e8d00000,0x00000000ea200000)
 ParOldGen       total 129536K, used 58375K [0x00000000a0000000, 0x00000000a7e80000, 0x00000000e0000000)
  object space 129536K, 45% used [0x00000000a0000000,0x00000000a3901f70,0x00000000a7e80000)
 Metaspace       used 82271K, capacity 85861K, committed 86168K, reserved 1124352K
  class space    used 10867K, capacity 11588K, committed 11672K, reserved 1048576K
}
Event: 36.383 GC heap before
{Heap before GC invocations=24 (full 3):
 PSYoungGen      total 163328K, used 163306K [0x00000000e0000000, 0x00000000eb980000, 0x0000000100000000)
  eden space 144384K, 100% used [0x00000000e0000000,0x00000000e8d00000,0x00000000e8d00000)
  from space 18944K, 99% used [0x00000000ea200000,0x00000000eb47a928,0x00000000eb480000)
  to   space 21504K, 0% used [0x00000000e8d00000,0x00000000e8d00000,0x00000000ea200000)
 ParOldGen       total 129536K, used 58375K [0x00000000a0000000, 0x00000000a7e80000, 0x00000000e0000000)
  object space 129536K, 45% used [0x00000000a0000000,0x00000000a3901f70,0x00000000a7e80000)
 Metaspace       used 82919K, capacity 86565K, committed 86680K, reserved 1124352K
  class space    used 10888K, capacity 11598K, committed 11672K, reserved 1048576K
Event: 36.420 GC heap after
Heap after GC invocations=24 (full 3):
 PSYoungGen      total 165888K, used 7877K [0x00000000e0000000, 0x00000000ec980000, 0x0000000100000000)
  eden space 144384K, 0% used [0x00000000e0000000,0x00000000e0000000,0x00000000e8d00000)
  from space 21504K, 36% used [0x00000000e8d00000,0x00000000e94b1420,0x00000000ea200000)
  to   space 20480K, 0% used [0x00000000eb580000,0x00000000eb580000,0x00000000ec980000)
 ParOldGen       total 129536K, used 63962K [0x00000000a0000000, 0x00000000a7e80000, 0x00000000e0000000)
  object space 129536K, 49% used [0x00000000a0000000,0x00000000a3e76a10,0x00000000a7e80000)
 Metaspace       used 82919K, capacity 86565K, committed 86680K, reserved 1124352K
  class space    used 10888K, capacity 11598K, committed 11672K, reserved 1048576K
}

Deoptimization events (10 events):
Event: 36.141 Thread 0x000000001d11c800 Uncommon trap: reason=unstable_if action=reinterpret pc=0x0000000003e4df40 method=com.android.tools.r8.ir.conversion.JarState$Slot.isCategory1(Lcom/android/tools/r8/org/objectweb/asm/Type;)Z @ 11
Event: 36.141 Thread 0x000000001d11c800 Uncommon trap: reason=unstable_if action=reinterpret pc=0x00000000055f5294 method=com.android.tools.r8.ir.conversion.JarState$Slot.isCategory1(Lcom/android/tools/r8/org/objectweb/asm/Type;)Z @ 11
Event: 36.141 Thread 0x000000001d11c800 Uncommon trap: reason=unstable_if action=reinterpret pc=0x00000000055ec7a8 method=com.android.tools.r8.ir.conversion.JarState$Slot.isCategory1(Lcom/android/tools/r8/org/objectweb/asm/Type;)Z @ 11
Event: 36.141 Thread 0x000000001d11c800 Uncommon trap: reason=unstable_if action=reinterpret pc=0x00000000055b55b8 method=com.android.tools.r8.ir.conversion.JarState$Slot.isCategory1(Lcom/android/tools/r8/org/objectweb/asm/Type;)Z @ 11
Event: 36.142 Thread 0x000000001d11c800 Uncommon trap: reason=unstable_if action=reinterpret pc=0x0000000005617bbc method=com.android.tools.r8.ir.conversion.JarState$Slot.isCategory1(Lcom/android/tools/r8/org/objectweb/asm/Type;)Z @ 11
Event: 36.245 Thread 0x000000001d11f800 Uncommon trap: reason=unstable_if action=reinterpret pc=0x000000000568d1bc method=com.android.tools.r8.ir.code.Value.usedInMonitorOperation()Z @ 33
Event: 36.264 Thread 0x000000001d11c800 Uncommon trap: reason=bimorphic action=maybe_recompile pc=0x0000000005750fdc method=com.android.tools.r8.ir.analysis.type.TypeLatticeElement.isFineGrainedType()Z @ 1
Event: 36.264 Thread 0x000000001d11c800 Uncommon trap: reason=bimorphic action=maybe_recompile pc=0x0000000005750fdc method=com.android.tools.r8.ir.analysis.type.TypeLatticeElement.isFineGrainedType()Z @ 1
Event: 36.460 Thread 0x000000001eba5000 Uncommon trap: reason=bimorphic action=maybe_recompile pc=0x0000000005750fdc method=com.android.tools.r8.ir.analysis.type.TypeLatticeElement.isFineGrainedType()Z @ 1
Event: 36.464 Thread 0x000000001d11c800 Uncommon trap: reason=bimorphic action=maybe_recompile pc=0x0000000005750fdc method=com.android.tools.r8.ir.analysis.type.TypeLatticeElement.isFineGrainedType()Z @ 1

Classes redefined (0 events):
No events

Internal exceptions (10 events):
Event: 34.066 Thread 0x000000001d116800 Exception <a 'sun/nio/fs/WindowsException'> (0x00000000e39e53f8) thrown at [D:\src\AOSP-openjdk-cygwin\jdk8u\hotspot\src\share\vm\prims\jni.cpp, line 709]
Event: 34.066 Thread 0x000000001d116800 Exception <a 'sun/nio/fs/WindowsException'> (0x00000000e39e6530) thrown at [D:\src\AOSP-openjdk-cygwin\jdk8u\hotspot\src\share\vm\prims\jni.cpp, line 709]
Event: 34.066 Thread 0x000000001d116800 Exception <a 'sun/nio/fs/WindowsException'> (0x00000000e39e7668) thrown at [D:\src\AOSP-openjdk-cygwin\jdk8u\hotspot\src\share\vm\prims\jni.cpp, line 709]
Event: 34.067 Thread 0x000000001d116800 Exception <a 'sun/nio/fs/WindowsException'> (0x00000000e39e87a0) thrown at [D:\src\AOSP-openjdk-cygwin\jdk8u\hotspot\src\share\vm\prims\jni.cpp, line 709]
Event: 34.067 Thread 0x000000001d116800 Exception <a 'sun/nio/fs/WindowsException'> (0x00000000e39e98d8) thrown at [D:\src\AOSP-openjdk-cygwin\jdk8u\hotspot\src\share\vm\prims\jni.cpp, line 709]
Event: 34.067 Thread 0x000000001d116800 Exception <a 'sun/nio/fs/WindowsException'> (0x00000000e39eaa10) thrown at [D:\src\AOSP-openjdk-cygwin\jdk8u\hotspot\src\share\vm\prims\jni.cpp, line 709]
Event: 34.068 Thread 0x000000001d116800 Exception <a 'sun/nio/fs/WindowsException'> (0x00000000e39eb8e0) thrown at [D:\src\AOSP-openjdk-cygwin\jdk8u\hotspot\src\share\vm\prims\jni.cpp, line 709]
Event: 34.074 Thread 0x000000001d116800 Exception <a 'sun/nio/fs/WindowsException'> (0x00000000e3a0b388) thrown at [D:\src\AOSP-openjdk-cygwin\jdk8u\hotspot\src\share\vm\prims\jni.cpp, line 709]
Event: 34.074 Thread 0x000000001d116800 Exception <a 'sun/nio/fs/WindowsException'> (0x00000000e3a0c0d0) thrown at [D:\src\AOSP-openjdk-cygwin\jdk8u\hotspot\src\share\vm\prims\jni.cpp, line 709]
Event: 34.074 Thread 0x000000001d116800 Exception <a 'sun/nio/fs/WindowsException'> (0x00000000e3a0dbc8) thrown at [D:\src\AOSP-openjdk-cygwin\jdk8u\hotspot\src\share\vm\prims\jni.cpp, line 709]

Events (10 events):
Event: 36.671 Thread 0x00000000190ba000 flushing nmethod 0x000000000358db90
Event: 36.671 Thread 0x00000000190ba000 flushing nmethod 0x0000000003592950
Event: 36.671 Thread 0x00000000190ba000 flushing nmethod 0x00000000035a5410
Event: 36.671 Thread 0x00000000190ba000 flushing nmethod 0x00000000035baed0
Event: 36.671 Thread 0x00000000190ba000 flushing nmethod 0x00000000035d03d0
Event: 36.672 Thread 0x00000000190ba000 flushing nmethod 0x000000000363b510
Event: 36.678 Thread 0x00000000190ba000 flushing nmethod 0x00000000036600d0
Event: 36.678 Thread 0x00000000190ba000 flushing nmethod 0x000000000367b690
Event: 36.682 Thread 0x000000001eba5000 DEOPT PACKING pc=0x00000000056857f2 sp=0x0000000023f3de30
Event: 36.682 Thread 0x000000001eba5000 DEOPT UNPACKING pc=0x00000000034371d0 sp=0x0000000023f3dd18 mode 0


Dynamic libraries:
0x00007ff6fd2e0000 - 0x00007ff6fd311000 	C:\Program Files\Android\Android Studio\jre\bin\java.exe
0x00007ff9c0bc0000 - 0x00007ff9c0db0000 	C:\WINDOWS\SYSTEM32\ntdll.dll
0x00007ff9c08b0000 - 0x00007ff9c0962000 	C:\WINDOWS\System32\KERNEL32.DLL
0x00007ff9be080000 - 0x00007ff9be323000 	C:\WINDOWS\System32\KERNELBASE.dll
0x00007ff9c0620000 - 0x00007ff9c06c3000 	C:\WINDOWS\System32\ADVAPI32.dll
0x00007ff9c04d0000 - 0x00007ff9c056e000 	C:\WINDOWS\System32\msvcrt.dll
0x00007ff9c0580000 - 0x00007ff9c0617000 	C:\WINDOWS\System32\sechost.dll
0x00007ff9c0370000 - 0x00007ff9c0490000 	C:\WINDOWS\System32\RPCRT4.dll
0x00007ff9c01d0000 - 0x00007ff9c0364000 	C:\WINDOWS\System32\USER32.dll
0x00007ff9bdca0000 - 0x00007ff9bdcc1000 	C:\WINDOWS\System32\win32u.dll
0x00007ff9bf400000 - 0x00007ff9bf426000 	C:\WINDOWS\System32\GDI32.dll
0x00007ff9bdee0000 - 0x00007ff9be074000 	C:\WINDOWS\System32\gdi32full.dll
0x00007ff9beb20000 - 0x00007ff9bebbe000 	C:\WINDOWS\System32\msvcp_win.dll
0x00007ff9bdd80000 - 0x00007ff9bde7a000 	C:\WINDOWS\System32\ucrtbase.dll
0x00007ff9a4e40000 - 0x00007ff9a50c5000 	C:\WINDOWS\WinSxS\amd64_microsoft.windows.common-controls_6595b64144ccf1df_6.0.18362.418_none_e6c6b287130d565d\COMCTL32.dll
0x00007ff9bf580000 - 0x00007ff9bf8b6000 	C:\WINDOWS\System32\combase.dll
0x00007ff9bebf0000 - 0x00007ff9bec70000 	C:\WINDOWS\System32\bcryptPrimitives.dll
0x00007ff9c0490000 - 0x00007ff9c04be000 	C:\WINDOWS\System32\IMM32.DLL
0x0000000058520000 - 0x00000000585f2000 	C:\Program Files\Android\Android Studio\jre\jre\bin\msvcr100.dll
0x00000000586e0000 - 0x0000000058f21000 	C:\Program Files\Android\Android Studio\jre\jre\bin\server\jvm.dll
0x00007ff9bf490000 - 0x00007ff9bf498000 	C:\WINDOWS\System32\PSAPI.DLL
0x00007ff9bad50000 - 0x00007ff9bad74000 	C:\WINDOWS\SYSTEM32\WINMM.dll
0x00007ff9b5f20000 - 0x00007ff9b5f2a000 	C:\WINDOWS\SYSTEM32\VERSION.dll
0x00007ff9bb500000 - 0x00007ff9bb509000 	C:\WINDOWS\SYSTEM32\WSOCK32.dll
0x00007ff9ba760000 - 0x00007ff9ba78d000 	C:\WINDOWS\SYSTEM32\WINMMBASE.dll
0x00007ff9c06f0000 - 0x00007ff9c075f000 	C:\WINDOWS\System32\WS2_32.dll
0x00007ff9bead0000 - 0x00007ff9beb1a000 	C:\WINDOWS\System32\cfgmgr32.dll
0x00007ff9b9480000 - 0x00007ff9b948f000 	C:\Program Files\Android\Android Studio\jre\jre\bin\verify.dll
0x00007ff9b81e0000 - 0x00007ff9b8209000 	C:\Program Files\Android\Android Studio\jre\jre\bin\java.dll
0x00007ff9b8180000 - 0x00007ff9b8196000 	C:\Program Files\Android\Android Studio\jre\jre\bin\zip.dll
0x00007ff9bfae0000 - 0x00007ff9c01c5000 	C:\WINDOWS\System32\SHELL32.dll
0x00007ff9becd0000 - 0x00007ff9bed79000 	C:\WINDOWS\System32\shcore.dll
0x00007ff9be330000 - 0x00007ff9beaaf000 	C:\WINDOWS\System32\windows.storage.dll
0x00007ff9bdac0000 - 0x00007ff9bdadf000 	C:\WINDOWS\System32\profapi.dll
0x00007ff9bdae0000 - 0x00007ff9bdb2a000 	C:\WINDOWS\System32\powrprof.dll
0x00007ff9bda90000 - 0x00007ff9bdaa0000 	C:\WINDOWS\System32\UMPDC.dll
0x00007ff9bec70000 - 0x00007ff9becc2000 	C:\WINDOWS\System32\shlwapi.dll
0x00007ff9bdb30000 - 0x00007ff9bdb41000 	C:\WINDOWS\System32\kernel.appcore.dll
0x00007ff9beab0000 - 0x00007ff9beac7000 	C:\WINDOWS\System32\cryptsp.dll
0x00007ff9b3ae0000 - 0x00007ff9b3afa000 	C:\Program Files\Android\Android Studio\jre\jre\bin\net.dll
0x00007ff9bd2a0000 - 0x00007ff9bd307000 	C:\WINDOWS\system32\mswsock.dll
0x00007ff9b3ac0000 - 0x00007ff9b3ad1000 	C:\Program Files\Android\Android Studio\jre\jre\bin\nio.dll
0x00007ff9af850000 - 0x00007ff9af86e000 	C:\Users\sumanta\.gradle\native\25\windows-amd64\native-platform.dll
0x00007ff9b8170000 - 0x00007ff9b817d000 	C:\Program Files\Android\Android Studio\jre\jre\bin\management.dll
0x00007ff9bce10000 - 0x00007ff9bce43000 	C:\WINDOWS\system32\rsaenh.dll
0x00007ff9bebc0000 - 0x00007ff9bebe6000 	C:\WINDOWS\System32\bcrypt.dll
0x00007ff9bd9b0000 - 0x00007ff9bd9d5000 	C:\WINDOWS\SYSTEM32\USERENV.dll
0x00007ff9bd470000 - 0x00007ff9bd47c000 	C:\WINDOWS\SYSTEM32\CRYPTBASE.dll
0x00007ff9bcfb0000 - 0x00007ff9bcfea000 	C:\WINDOWS\SYSTEM32\IPHLPAPI.DLL
0x00007ff9c04c0000 - 0x00007ff9c04c8000 	C:\WINDOWS\System32\NSI.dll
0x00007ff9b6b00000 - 0x00007ff9b6b16000 	C:\WINDOWS\SYSTEM32\dhcpcsvc6.DLL
0x00007ff9b7730000 - 0x00007ff9b774c000 	C:\WINDOWS\SYSTEM32\dhcpcsvc.DLL
0x00007ff9bcff0000 - 0x00007ff9bd0ba000 	C:\WINDOWS\SYSTEM32\DNSAPI.dll

VM Arguments:
jvm_args: -Xmx1536m -Dfile.encoding=windows-1252 -Duser.country=IN -Duser.language=en -Duser.variant 
java_command: org.gradle.launcher.daemon.bootstrap.GradleDaemon 5.1.1
java_class_path (initial): C:\Users\sumanta\.gradle\wrapper\dists\gradle-5.1.1-all\97z1ksx6lirer3kbvdnh7jtjg\gradle-5.1.1\lib\gradle-launcher-5.1.1.jar
Launcher Type: SUN_STANDARD

Environment Variables:
PATH=C:\Program Files (x86)\Common Files\Oracle\Java\javapath;C:\WINDOWS\system32;C:\WINDOWS;C:\WINDOWS\System32\Wbem;C:\WINDOWS\System32\WindowsPowerShell\v1.0\;C:\WINDOWS\System32\OpenSSH\;C:\Program Files\Java\jdk1.8.0_181\bin;C:\Users\sumanta\AppData\Local\Microsoft\WindowsApps;C:\Program Files\Java\jdk1.8.0_181\bin;
USERNAME=sumanta
OS=Windows_NT
PROCESSOR_IDENTIFIER=AMD64 Family 23 Model 17 Stepping 0, AuthenticAMD



---------------  S Y S T E M  ---------------

OS: Windows 10.0 , 64 bit Build 18362 (10.0.18362.329)

CPU:total 8 (initial active 8) (8 cores per cpu, 1 threads per core) family 23 model 17 stepping 0, cmov, cx8, fxsr, mmx, sse, sse2, sse3, ssse3, sse4.1, sse4.2, popcnt, avx, avx2, aes, clmul, mmxext, 3dnowpref, lzcnt, sse4a, tsc, tscinvbit, tscinv, bmi1

Memory: 4k page, physical 7919180k(293348k free), swap 32036428k(5548k free)

vm_info: OpenJDK 64-Bit Server VM (25.152-b01) for windows-amd64 JRE (1.8.0_152-release-1343-b01), built by "builder" with MS VC++ 10.0 (VS2010)

time: Fri Nov 08 21:36:12 2019
elapsed time: 36 seconds (0d 0h 0m 36s)

